[04-May-2025 23:56:50 Europe/Berlin] Database error: SQLSTATE[42S22]: Column not found: 1054 Unknown column 'verification_token' in 'field list'
[04-May-2025 23:56:50 Europe/Berlin] PHP Fatal error:  Uncaught Error: Call to undefined method UserController::sendActivationEmail() in C:\xampp\htdocs\Projet\Projet\View\FrontOffice\inscription.php:36
Stack trace:
#0 {main}
  thrown in C:\xampp\htdocs\Projet\Projet\View\FrontOffice\inscription.php on line 36
[04-May-2025 23:58:49 Europe/Berlin] Database error: SQLSTATE[42S22]: Column not found: 1054 Unknown column 'verification_token' in 'field list'
[05-May-2025 00:00:50 Europe/Berlin] Database error: SQLSTATE[42S22]: Column not found: 1054 Unknown column 'verification_token' in 'field list'
[05-May-2025 00:04:27 Europe/Berlin] Database error: SQLSTATE[42S22]: Column not found: 1054 Unknown column 'verification_token' in 'field list'
[05-May-2025 00:04:27 Europe/Berlin] PHP Warning:  file_put_contents(C:\xampp\htdocs\Projet\Projet\Controller/../logs/smtp_debug_2025-05-05.log): Failed to open stream: No such file or directory in C:\xampp\htdocs\Projet\Projet\Controller\UserController.php on line 281
[05-May-2025 00:04:27 Europe/Berlin] PHP Warning:  file_put_contents(C:\xampp\htdocs\Projet\Projet\Controller/../logs/smtp_debug_2025-05-05.log): Failed to open stream: No such file or directory in C:\xampp\htdocs\Projet\Projet\Controller\UserController.php on line 281
[05-May-2025 00:04:27 Europe/Berlin] PHP Warning:  file_put_contents(C:\xampp\htdocs\Projet\Projet\Controller/../logs/smtp_debug_2025-05-05.log): Failed to open stream: No such file or directory in C:\xampp\htdocs\Projet\Projet\Controller\UserController.php on line 281
[05-May-2025 00:04:27 Europe/Berlin] PHP Warning:  file_put_contents(C:\xampp\htdocs\Projet\Projet\Controller/../logs/smtp_debug_2025-05-05.log): Failed to open stream: No such file or directory in C:\xampp\htdocs\Projet\Projet\Controller\UserController.php on line 281
[05-May-2025 00:04:27 Europe/Berlin] PHP Warning:  file_put_contents(C:\xampp\htdocs\Projet\Projet\Controller/../logs/smtp_debug_2025-05-05.log): Failed to open stream: No such file or directory in C:\xampp\htdocs\Projet\Projet\Controller\UserController.php on line 281
[05-May-2025 00:04:27 Europe/Berlin] PHP Warning:  file_put_contents(C:\xampp\htdocs\Projet\Projet\Controller/../logs/smtp_debug_2025-05-05.log): Failed to open stream: No such file or directory in C:\xampp\htdocs\Projet\Projet\Controller\UserController.php on line 281
[05-May-2025 00:04:27 Europe/Berlin] PHP Warning:  file_put_contents(C:\xampp\htdocs\Projet\Projet\Controller/../logs/smtp_debug_2025-05-05.log): Failed to open stream: No such file or directory in C:\xampp\htdocs\Projet\Projet\Controller\UserController.php on line 281
[05-May-2025 00:04:27 Europe/Berlin] PHP Warning:  file_put_contents(C:\xampp\htdocs\Projet\Projet\Controller/../logs/smtp_debug_2025-05-05.log): Failed to open stream: No such file or directory in C:\xampp\htdocs\Projet\Projet\Controller\UserController.php on line 281
[05-May-2025 00:04:27 Europe/Berlin] PHP Warning:  file_put_contents(C:\xampp\htdocs\Projet\Projet\Controller/../logs/smtp_debug_2025-05-05.log): Failed to open stream: No such file or directory in C:\xampp\htdocs\Projet\Projet\Controller\UserController.php on line 281
[05-May-2025 00:04:27 Europe/Berlin] PHP Warning:  file_put_contents(C:\xampp\htdocs\Projet\Projet\Controller/../logs/smtp_debug_2025-05-05.log): Failed to open stream: No such file or directory in C:\xampp\htdocs\Projet\Projet\Controller\UserController.php on line 281
[05-May-2025 00:04:27 Europe/Berlin] PHP Warning:  file_put_contents(C:\xampp\htdocs\Projet\Projet\Controller/../logs/smtp_debug_2025-05-05.log): Failed to open stream: No such file or directory in C:\xampp\htdocs\Projet\Projet\Controller\UserController.php on line 281
[05-May-2025 00:04:27 Europe/Berlin] PHP Warning:  file_put_contents(C:\xampp\htdocs\Projet\Projet\Controller/../logs/smtp_debug_2025-05-05.log): Failed to open stream: No such file or directory in C:\xampp\htdocs\Projet\Projet\Controller\UserController.php on line 281
[05-May-2025 00:04:28 Europe/Berlin] PHP Warning:  file_put_contents(C:\xampp\htdocs\Projet\Projet\Controller/../logs/smtp_debug_2025-05-05.log): Failed to open stream: No such file or directory in C:\xampp\htdocs\Projet\Projet\Controller\UserController.php on line 281
[05-May-2025 00:04:28 Europe/Berlin] PHP Warning:  file_put_contents(C:\xampp\htdocs\Projet\Projet\Controller/../logs/smtp_debug_2025-05-05.log): Failed to open stream: No such file or directory in C:\xampp\htdocs\Projet\Projet\Controller\UserController.php on line 281
[05-May-2025 00:04:28 Europe/Berlin] PHP Warning:  file_put_contents(C:\xampp\htdocs\Projet\Projet\Controller/../logs/smtp_debug_2025-05-05.log): Failed to open stream: No such file or directory in C:\xampp\htdocs\Projet\Projet\Controller\UserController.php on line 281
[05-May-2025 00:04:28 Europe/Berlin] PHP Warning:  file_put_contents(C:\xampp\htdocs\Projet\Projet\Controller/../logs/smtp_debug_2025-05-05.log): Failed to open stream: No such file or directory in C:\xampp\htdocs\Projet\Projet\Controller\UserController.php on line 281
[05-May-2025 00:04:28 Europe/Berlin] PHP Warning:  file_put_contents(C:\xampp\htdocs\Projet\Projet\Controller/../logs/smtp_debug_2025-05-05.log): Failed to open stream: No such file or directory in C:\xampp\htdocs\Projet\Projet\Controller\UserController.php on line 281
[05-May-2025 00:04:28 Europe/Berlin] PHP Warning:  file_put_contents(C:\xampp\htdocs\Projet\Projet\Controller/../logs/smtp_debug_2025-05-05.log): Failed to open stream: No such file or directory in C:\xampp\htdocs\Projet\Projet\Controller\UserController.php on line 281
[05-May-2025 00:04:28 Europe/Berlin] PHP Warning:  file_put_contents(C:\xampp\htdocs\Projet\Projet\Controller/../logs/smtp_debug_2025-05-05.log): Failed to open stream: No such file or directory in C:\xampp\htdocs\Projet\Projet\Controller\UserController.php on line 281
[05-May-2025 00:04:28 Europe/Berlin] PHP Warning:  file_put_contents(C:\xampp\htdocs\Projet\Projet\Controller/../logs/smtp_debug_2025-05-05.log): Failed to open stream: No such file or directory in C:\xampp\htdocs\Projet\Projet\Controller\UserController.php on line 281
[05-May-2025 00:04:28 Europe/Berlin] PHP Warning:  file_put_contents(C:\xampp\htdocs\Projet\Projet\Controller/../logs/smtp_debug_2025-05-05.log): Failed to open stream: No such file or directory in C:\xampp\htdocs\Projet\Projet\Controller\UserController.php on line 281
[05-May-2025 00:04:28 Europe/Berlin] PHP Warning:  file_put_contents(C:\xampp\htdocs\Projet\Projet\Controller/../logs/smtp_debug_2025-05-05.log): Failed to open stream: No such file or directory in C:\xampp\htdocs\Projet\Projet\Controller\UserController.php on line 281
[05-May-2025 00:04:28 Europe/Berlin] PHP Warning:  file_put_contents(C:\xampp\htdocs\Projet\Projet\Controller/../logs/smtp_debug_2025-05-05.log): Failed to open stream: No such file or directory in C:\xampp\htdocs\Projet\Projet\Controller\UserController.php on line 281
[05-May-2025 00:04:28 Europe/Berlin] PHP Warning:  file_put_contents(C:\xampp\htdocs\Projet\Projet\Controller/../logs/smtp_debug_2025-05-05.log): Failed to open stream: No such file or directory in C:\xampp\htdocs\Projet\Projet\Controller\UserController.php on line 281
[05-May-2025 00:04:28 Europe/Berlin] PHP Warning:  file_put_contents(C:\xampp\htdocs\Projet\Projet\Controller/../logs/smtp_debug_2025-05-05.log): Failed to open stream: No such file or directory in C:\xampp\htdocs\Projet\Projet\Controller\UserController.php on line 281
[05-May-2025 00:04:28 Europe/Berlin] PHP Warning:  file_put_contents(C:\xampp\htdocs\Projet\Projet\Controller/../logs/smtp_debug_2025-05-05.log): Failed to open stream: No such file or directory in C:\xampp\htdocs\Projet\Projet\Controller\UserController.php on line 281
[05-May-2025 00:04:28 Europe/Berlin] PHP Warning:  file_put_contents(C:\xampp\htdocs\Projet\Projet\Controller/../logs/smtp_debug_2025-05-05.log): Failed to open stream: No such file or directory in C:\xampp\htdocs\Projet\Projet\Controller\UserController.php on line 281
[05-May-2025 00:04:28 Europe/Berlin] PHP Warning:  file_put_contents(C:\xampp\htdocs\Projet\Projet\Controller/../logs/smtp_debug_2025-05-05.log): Failed to open stream: No such file or directory in C:\xampp\htdocs\Projet\Projet\Controller\UserController.php on line 281
[05-May-2025 00:04:28 Europe/Berlin] PHP Warning:  file_put_contents(C:\xampp\htdocs\Projet\Projet\Controller/../logs/smtp_debug_2025-05-05.log): Failed to open stream: No such file or directory in C:\xampp\htdocs\Projet\Projet\Controller\UserController.php on line 281
[05-May-2025 00:04:28 Europe/Berlin] PHP Warning:  file_put_contents(C:\xampp\htdocs\Projet\Projet\Controller/../logs/smtp_debug_2025-05-05.log): Failed to open stream: No such file or directory in C:\xampp\htdocs\Projet\Projet\Controller\UserController.php on line 281
[05-May-2025 00:04:28 Europe/Berlin] PHP Warning:  file_put_contents(C:\xampp\htdocs\Projet\Projet\Controller/../logs/smtp_debug_2025-05-05.log): Failed to open stream: No such file or directory in C:\xampp\htdocs\Projet\Projet\Controller\UserController.php on line 281
[05-May-2025 00:04:28 Europe/Berlin] PHP Warning:  file_put_contents(C:\xampp\htdocs\Projet\Projet\Controller/../logs/smtp_debug_2025-05-05.log): Failed to open stream: No such file or directory in C:\xampp\htdocs\Projet\Projet\Controller\UserController.php on line 281
[05-May-2025 00:04:28 Europe/Berlin] PHP Warning:  file_put_contents(C:\xampp\htdocs\Projet\Projet\Controller/../logs/smtp_debug_2025-05-05.log): Failed to open stream: No such file or directory in C:\xampp\htdocs\Projet\Projet\Controller\UserController.php on line 281
[05-May-2025 00:04:28 Europe/Berlin] PHP Warning:  file_put_contents(C:\xampp\htdocs\Projet\Projet\Controller/../logs/smtp_debug_2025-05-05.log): Failed to open stream: No such file or directory in C:\xampp\htdocs\Projet\Projet\Controller\UserController.php on line 281
[05-May-2025 00:04:28 Europe/Berlin] PHP Warning:  file_put_contents(C:\xampp\htdocs\Projet\Projet\Controller/../logs/smtp_debug_2025-05-05.log): Failed to open stream: No such file or directory in C:\xampp\htdocs\Projet\Projet\Controller\UserController.php on line 281
[05-May-2025 00:04:28 Europe/Berlin] PHP Warning:  file_put_contents(C:\xampp\htdocs\Projet\Projet\Controller/../logs/smtp_debug_2025-05-05.log): Failed to open stream: No such file or directory in C:\xampp\htdocs\Projet\Projet\Controller\UserController.php on line 281
[05-May-2025 00:04:28 Europe/Berlin] PHP Warning:  file_put_contents(C:\xampp\htdocs\Projet\Projet\Controller/../logs/smtp_debug_2025-05-05.log): Failed to open stream: No such file or directory in C:\xampp\htdocs\Projet\Projet\Controller\UserController.php on line 281
[05-May-2025 00:04:28 Europe/Berlin] PHP Warning:  file_put_contents(C:\xampp\htdocs\Projet\Projet\Controller/../logs/smtp_debug_2025-05-05.log): Failed to open stream: No such file or directory in C:\xampp\htdocs\Projet\Projet\Controller\UserController.php on line 281
[05-May-2025 00:04:28 Europe/Berlin] PHP Warning:  file_put_contents(C:\xampp\htdocs\Projet\Projet\Controller/../logs/smtp_debug_2025-05-05.log): Failed to open stream: No such file or directory in C:\xampp\htdocs\Projet\Projet\Controller\UserController.php on line 281
[05-May-2025 00:04:28 Europe/Berlin] PHP Warning:  file_put_contents(C:\xampp\htdocs\Projet\Projet\Controller/../logs/smtp_debug_2025-05-05.log): Failed to open stream: No such file or directory in C:\xampp\htdocs\Projet\Projet\Controller\UserController.php on line 281
[05-May-2025 00:04:28 Europe/Berlin] PHP Warning:  file_put_contents(C:\xampp\htdocs\Projet\Projet\Controller/../logs/smtp_debug_2025-05-05.log): Failed to open stream: No such file or directory in C:\xampp\htdocs\Projet\Projet\Controller\UserController.php on line 281
[05-May-2025 00:04:28 Europe/Berlin] PHP Warning:  file_put_contents(C:\xampp\htdocs\Projet\Projet\Controller/../logs/smtp_debug_2025-05-05.log): Failed to open stream: No such file or directory in C:\xampp\htdocs\Projet\Projet\Controller\UserController.php on line 281
[05-May-2025 00:04:28 Europe/Berlin] PHP Warning:  file_put_contents(C:\xampp\htdocs\Projet\Projet\Controller/../logs/smtp_debug_2025-05-05.log): Failed to open stream: No such file or directory in C:\xampp\htdocs\Projet\Projet\Controller\UserController.php on line 281
[05-May-2025 00:04:28 Europe/Berlin] PHP Warning:  file_put_contents(C:\xampp\htdocs\Projet\Projet\Controller/../logs/smtp_debug_2025-05-05.log): Failed to open stream: No such file or directory in C:\xampp\htdocs\Projet\Projet\Controller\UserController.php on line 281
[05-May-2025 00:04:28 Europe/Berlin] PHP Warning:  file_put_contents(C:\xampp\htdocs\Projet\Projet\Controller/../logs/smtp_debug_2025-05-05.log): Failed to open stream: No such file or directory in C:\xampp\htdocs\Projet\Projet\Controller\UserController.php on line 281
[05-May-2025 00:04:28 Europe/Berlin] PHP Warning:  file_put_contents(C:\xampp\htdocs\Projet\Projet\Controller/../logs/smtp_debug_2025-05-05.log): Failed to open stream: No such file or directory in C:\xampp\htdocs\Projet\Projet\Controller\UserController.php on line 281
[05-May-2025 00:04:28 Europe/Berlin] PHP Warning:  file_put_contents(C:\xampp\htdocs\Projet\Projet\Controller/../logs/smtp_debug_2025-05-05.log): Failed to open stream: No such file or directory in C:\xampp\htdocs\Projet\Projet\Controller\UserController.php on line 281
[05-May-2025 00:04:28 Europe/Berlin] PHP Warning:  file_put_contents(C:\xampp\htdocs\Projet\Projet\Controller/../logs/smtp_debug_2025-05-05.log): Failed to open stream: No such file or directory in C:\xampp\htdocs\Projet\Projet\Controller\UserController.php on line 281
[05-May-2025 00:04:28 Europe/Berlin] PHP Warning:  file_put_contents(C:\xampp\htdocs\Projet\Projet\Controller/../logs/smtp_debug_2025-05-05.log): Failed to open stream: No such file or directory in C:\xampp\htdocs\Projet\Projet\Controller\UserController.php on line 281
[05-May-2025 00:04:28 Europe/Berlin] PHP Warning:  file_put_contents(C:\xampp\htdocs\Projet\Projet\Controller/../logs/smtp_debug_2025-05-05.log): Failed to open stream: No such file or directory in C:\xampp\htdocs\Projet\Projet\Controller\UserController.php on line 281
[05-May-2025 00:04:28 Europe/Berlin] PHP Warning:  file_put_contents(C:\xampp\htdocs\Projet\Projet\Controller/../logs/smtp_debug_2025-05-05.log): Failed to open stream: No such file or directory in C:\xampp\htdocs\Projet\Projet\Controller\UserController.php on line 281
[05-May-2025 00:04:28 Europe/Berlin] PHP Warning:  file_put_contents(C:\xampp\htdocs\Projet\Projet\Controller/../logs/smtp_debug_2025-05-05.log): Failed to open stream: No such file or directory in C:\xampp\htdocs\Projet\Projet\Controller\UserController.php on line 281
[05-May-2025 00:04:28 Europe/Berlin] PHP Warning:  file_put_contents(C:\xampp\htdocs\Projet\Projet\Controller/../logs/smtp_debug_2025-05-05.log): Failed to open stream: No such file or directory in C:\xampp\htdocs\Projet\Projet\Controller\UserController.php on line 281
[05-May-2025 00:04:28 Europe/Berlin] PHP Warning:  file_put_contents(C:\xampp\htdocs\Projet\Projet\Controller/../logs/smtp_debug_2025-05-05.log): Failed to open stream: No such file or directory in C:\xampp\htdocs\Projet\Projet\Controller\UserController.php on line 281
[05-May-2025 00:04:28 Europe/Berlin] PHP Warning:  file_put_contents(C:\xampp\htdocs\Projet\Projet\Controller/../logs/smtp_debug_2025-05-05.log): Failed to open stream: No such file or directory in C:\xampp\htdocs\Projet\Projet\Controller\UserController.php on line 281
[05-May-2025 00:04:28 Europe/Berlin] PHP Warning:  file_put_contents(C:\xampp\htdocs\Projet\Projet\Controller/../logs/smtp_debug_2025-05-05.log): Failed to open stream: No such file or directory in C:\xampp\htdocs\Projet\Projet\Controller\UserController.php on line 281
[05-May-2025 00:04:28 Europe/Berlin] PHP Warning:  file_put_contents(C:\xampp\htdocs\Projet\Projet\Controller/../logs/smtp_debug_2025-05-05.log): Failed to open stream: No such file or directory in C:\xampp\htdocs\Projet\Projet\Controller\UserController.php on line 281
[05-May-2025 00:04:28 Europe/Berlin] PHP Warning:  file_put_contents(C:\xampp\htdocs\Projet\Projet\Controller/../logs/smtp_debug_2025-05-05.log): Failed to open stream: No such file or directory in C:\xampp\htdocs\Projet\Projet\Controller\UserController.php on line 281
[05-May-2025 00:04:28 Europe/Berlin] PHP Warning:  file_put_contents(C:\xampp\htdocs\Projet\Projet\Controller/../logs/smtp_debug_2025-05-05.log): Failed to open stream: No such file or directory in C:\xampp\htdocs\Projet\Projet\Controller\UserController.php on line 281
[05-May-2025 00:04:28 Europe/Berlin] PHP Warning:  file_put_contents(C:\xampp\htdocs\Projet\Projet\Controller/../logs/smtp_debug_2025-05-05.log): Failed to open stream: No such file or directory in C:\xampp\htdocs\Projet\Projet\Controller\UserController.php on line 281
[05-May-2025 00:04:28 Europe/Berlin] PHP Warning:  file_put_contents(C:\xampp\htdocs\Projet\Projet\Controller/../logs/smtp_debug_2025-05-05.log): Failed to open stream: No such file or directory in C:\xampp\htdocs\Projet\Projet\Controller\UserController.php on line 281
[05-May-2025 00:04:28 Europe/Berlin] PHP Warning:  file_put_contents(C:\xampp\htdocs\Projet\Projet\Controller/../logs/smtp_debug_2025-05-05.log): Failed to open stream: No such file or directory in C:\xampp\htdocs\Projet\Projet\Controller\UserController.php on line 281
[05-May-2025 00:04:28 Europe/Berlin] PHP Warning:  file_put_contents(C:\xampp\htdocs\Projet\Projet\Controller/../logs/smtp_debug_2025-05-05.log): Failed to open stream: No such file or directory in C:\xampp\htdocs\Projet\Projet\Controller\UserController.php on line 281
[05-May-2025 00:04:28 Europe/Berlin] PHP Warning:  file_put_contents(C:\xampp\htdocs\Projet\Projet\Controller/../logs/smtp_debug_2025-05-05.log): Failed to open stream: No such file or directory in C:\xampp\htdocs\Projet\Projet\Controller\UserController.php on line 281
[05-May-2025 00:04:28 Europe/Berlin] PHP Warning:  file_put_contents(C:\xampp\htdocs\Projet\Projet\Controller/../logs/smtp_debug_2025-05-05.log): Failed to open stream: No such file or directory in C:\xampp\htdocs\Projet\Projet\Controller\UserController.php on line 281
[05-May-2025 00:04:28 Europe/Berlin] PHP Warning:  file_put_contents(C:\xampp\htdocs\Projet\Projet\Controller/../logs/smtp_debug_2025-05-05.log): Failed to open stream: No such file or directory in C:\xampp\htdocs\Projet\Projet\Controller\UserController.php on line 281
[05-May-2025 00:04:28 Europe/Berlin] PHP Warning:  file_put_contents(C:\xampp\htdocs\Projet\Projet\Controller/../logs/smtp_debug_2025-05-05.log): Failed to open stream: No such file or directory in C:\xampp\htdocs\Projet\Projet\Controller\UserController.php on line 281
[05-May-2025 00:04:28 Europe/Berlin] PHP Warning:  file_put_contents(C:\xampp\htdocs\Projet\Projet\Controller/../logs/smtp_debug_2025-05-05.log): Failed to open stream: No such file or directory in C:\xampp\htdocs\Projet\Projet\Controller\UserController.php on line 281
[05-May-2025 00:04:28 Europe/Berlin] PHP Warning:  file_put_contents(C:\xampp\htdocs\Projet\Projet\Controller/../logs/smtp_debug_2025-05-05.log): Failed to open stream: No such file or directory in C:\xampp\htdocs\Projet\Projet\Controller\UserController.php on line 281
[05-May-2025 00:04:28 Europe/Berlin] PHP Warning:  file_put_contents(C:\xampp\htdocs\Projet\Projet\Controller/../logs/smtp_debug_2025-05-05.log): Failed to open stream: No such file or directory in C:\xampp\htdocs\Projet\Projet\Controller\UserController.php on line 281
[05-May-2025 00:04:28 Europe/Berlin] PHP Warning:  file_put_contents(C:\xampp\htdocs\Projet\Projet\Controller/../logs/smtp_debug_2025-05-05.log): Failed to open stream: No such file or directory in C:\xampp\htdocs\Projet\Projet\Controller\UserController.php on line 281
[05-May-2025 00:04:28 Europe/Berlin] PHP Warning:  file_put_contents(C:\xampp\htdocs\Projet\Projet\Controller/../logs/smtp_debug_2025-05-05.log): Failed to open stream: No such file or directory in C:\xampp\htdocs\Projet\Projet\Controller\UserController.php on line 281
[05-May-2025 00:04:28 Europe/Berlin] PHP Warning:  file_put_contents(C:\xampp\htdocs\Projet\Projet\Controller/../logs/smtp_debug_2025-05-05.log): Failed to open stream: No such file or directory in C:\xampp\htdocs\Projet\Projet\Controller\UserController.php on line 281
[05-May-2025 00:04:28 Europe/Berlin] PHP Warning:  file_put_contents(C:\xampp\htdocs\Projet\Projet\Controller/../logs/smtp_debug_2025-05-05.log): Failed to open stream: No such file or directory in C:\xampp\htdocs\Projet\Projet\Controller\UserController.php on line 281
[05-May-2025 00:04:28 Europe/Berlin] PHP Warning:  file_put_contents(C:\xampp\htdocs\Projet\Projet\Controller/../logs/smtp_debug_2025-05-05.log): Failed to open stream: No such file or directory in C:\xampp\htdocs\Projet\Projet\Controller\UserController.php on line 281
[05-May-2025 00:04:28 Europe/Berlin] PHP Warning:  file_put_contents(C:\xampp\htdocs\Projet\Projet\Controller/../logs/smtp_debug_2025-05-05.log): Failed to open stream: No such file or directory in C:\xampp\htdocs\Projet\Projet\Controller\UserController.php on line 281
[05-May-2025 00:04:28 Europe/Berlin] PHP Warning:  file_put_contents(C:\xampp\htdocs\Projet\Projet\Controller/../logs/smtp_debug_2025-05-05.log): Failed to open stream: No such file or directory in C:\xampp\htdocs\Projet\Projet\Controller\UserController.php on line 281
[05-May-2025 00:04:28 Europe/Berlin] PHP Warning:  file_put_contents(C:\xampp\htdocs\Projet\Projet\Controller/../logs/smtp_debug_2025-05-05.log): Failed to open stream: No such file or directory in C:\xampp\htdocs\Projet\Projet\Controller\UserController.php on line 281
[05-May-2025 00:04:28 Europe/Berlin] PHP Warning:  file_put_contents(C:\xampp\htdocs\Projet\Projet\Controller/../logs/smtp_debug_2025-05-05.log): Failed to open stream: No such file or directory in C:\xampp\htdocs\Projet\Projet\Controller\UserController.php on line 281
[05-May-2025 00:04:28 Europe/Berlin] PHP Warning:  file_put_contents(C:\xampp\htdocs\Projet\Projet\Controller/../logs/smtp_debug_2025-05-05.log): Failed to open stream: No such file or directory in C:\xampp\htdocs\Projet\Projet\Controller\UserController.php on line 281
[05-May-2025 00:04:28 Europe/Berlin] PHP Warning:  file_put_contents(C:\xampp\htdocs\Projet\Projet\Controller/../logs/smtp_debug_2025-05-05.log): Failed to open stream: No such file or directory in C:\xampp\htdocs\Projet\Projet\Controller\UserController.php on line 281
[05-May-2025 00:04:28 Europe/Berlin] PHP Warning:  file_put_contents(C:\xampp\htdocs\Projet\Projet\Controller/../logs/smtp_debug_2025-05-05.log): Failed to open stream: No such file or directory in C:\xampp\htdocs\Projet\Projet\Controller\UserController.php on line 281
[05-May-2025 00:04:28 Europe/Berlin] PHP Warning:  file_put_contents(C:\xampp\htdocs\Projet\Projet\Controller/../logs/smtp_debug_2025-05-05.log): Failed to open stream: No such file or directory in C:\xampp\htdocs\Projet\Projet\Controller\UserController.php on line 281
[05-May-2025 00:04:28 Europe/Berlin] PHP Warning:  file_put_contents(C:\xampp\htdocs\Projet\Projet\Controller/../logs/smtp_debug_2025-05-05.log): Failed to open stream: No such file or directory in C:\xampp\htdocs\Projet\Projet\Controller\UserController.php on line 281
[05-May-2025 00:04:28 Europe/Berlin] PHP Warning:  file_put_contents(C:\xampp\htdocs\Projet\Projet\Controller/../logs/smtp_debug_2025-05-05.log): Failed to open stream: No such file or directory in C:\xampp\htdocs\Projet\Projet\Controller\UserController.php on line 281
[05-May-2025 00:04:28 Europe/Berlin] PHP Warning:  file_put_contents(C:\xampp\htdocs\Projet\Projet\Controller/../logs/smtp_debug_2025-05-05.log): Failed to open stream: No such file or directory in C:\xampp\htdocs\Projet\Projet\Controller\UserController.php on line 281
[05-May-2025 00:04:28 Europe/Berlin] PHP Warning:  file_put_contents(C:\xampp\htdocs\Projet\Projet\Controller/../logs/smtp_debug_2025-05-05.log): Failed to open stream: No such file or directory in C:\xampp\htdocs\Projet\Projet\Controller\UserController.php on line 281
[05-May-2025 00:04:28 Europe/Berlin] PHP Warning:  file_put_contents(C:\xampp\htdocs\Projet\Projet\Controller/../logs/smtp_debug_2025-05-05.log): Failed to open stream: No such file or directory in C:\xampp\htdocs\Projet\Projet\Controller\UserController.php on line 281
[05-May-2025 00:04:28 Europe/Berlin] PHP Warning:  file_put_contents(C:\xampp\htdocs\Projet\Projet\Controller/../logs/smtp_debug_2025-05-05.log): Failed to open stream: No such file or directory in C:\xampp\htdocs\Projet\Projet\Controller\UserController.php on line 281
[05-May-2025 00:04:28 Europe/Berlin] PHP Warning:  file_put_contents(C:\xampp\htdocs\Projet\Projet\Controller/../logs/smtp_debug_2025-05-05.log): Failed to open stream: No such file or directory in C:\xampp\htdocs\Projet\Projet\Controller\UserController.php on line 281
[05-May-2025 00:04:28 Europe/Berlin] PHP Warning:  file_put_contents(C:\xampp\htdocs\Projet\Projet\Controller/../logs/smtp_debug_2025-05-05.log): Failed to open stream: No such file or directory in C:\xampp\htdocs\Projet\Projet\Controller\UserController.php on line 281
[05-May-2025 00:04:28 Europe/Berlin] PHP Warning:  file_put_contents(C:\xampp\htdocs\Projet\Projet\Controller/../logs/smtp_debug_2025-05-05.log): Failed to open stream: No such file or directory in C:\xampp\htdocs\Projet\Projet\Controller\UserController.php on line 281
[05-May-2025 00:04:28 Europe/Berlin] PHP Warning:  file_put_contents(C:\xampp\htdocs\Projet\Projet\Controller/../logs/smtp_debug_2025-05-05.log): Failed to open stream: No such file or directory in C:\xampp\htdocs\Projet\Projet\Controller\UserController.php on line 281
[05-May-2025 00:04:28 Europe/Berlin] PHP Warning:  file_put_contents(C:\xampp\htdocs\Projet\Projet\Controller/../logs/smtp_debug_2025-05-05.log): Failed to open stream: No such file or directory in C:\xampp\htdocs\Projet\Projet\Controller\UserController.php on line 281
[05-May-2025 00:04:29 Europe/Berlin] PHP Warning:  file_put_contents(C:\xampp\htdocs\Projet\Projet\Controller/../logs/smtp_debug_2025-05-05.log): Failed to open stream: No such file or directory in C:\xampp\htdocs\Projet\Projet\Controller\UserController.php on line 281
[05-May-2025 00:04:29 Europe/Berlin] PHP Warning:  file_put_contents(C:\xampp\htdocs\Projet\Projet\Controller/../logs/email_success_2025-05-05.log): Failed to open stream: No such file or directory in C:\xampp\htdocs\Projet\Projet\Controller\UserController.php on line 354
[05-May-2025 00:04:29 Europe/Berlin] PHP Warning:  file_put_contents(C:\xampp\htdocs\Projet\Projet\Controller/../logs/smtp_debug_2025-05-05.log): Failed to open stream: No such file or directory in C:\xampp\htdocs\Projet\Projet\Controller\UserController.php on line 281
[05-May-2025 00:04:29 Europe/Berlin] PHP Warning:  file_put_contents(C:\xampp\htdocs\Projet\Projet\Controller/../logs/smtp_debug_2025-05-05.log): Failed to open stream: No such file or directory in C:\xampp\htdocs\Projet\Projet\Controller\UserController.php on line 281
[05-May-2025 00:04:29 Europe/Berlin] PHP Warning:  Cannot modify header information - headers already sent by (output started at C:\xampp\htdocs\Projet\Projet\Controller\UserController.php:281) in C:\xampp\htdocs\Projet\Projet\View\FrontOffice\inscription.php on line 41
[05-May-2025 00:23:03 Europe/Berlin] CAPTCHA Response: 03AFcWeA7InsZB2N-06pm1RX7KowHyJau8UqmDae9id-O9uaC2UihPSUUWjjWN2fmGj_HU7Wf_tHjURQm-Fsv-kAkgIfAj50111MlV9B_weRxtAhl-PP7wB_8m3pXYSIJ_FY1u4kRRLWX3ABS5M0_NXj8GSZfkNVlIYCbZCK5enN_zCNotSZr4Ip2zywNyWg_VU7ZVD9hmOuyvmccXd0xLg0o5cZizqZO2V6vKBxikBjAAbsKeiQlaPHRBv1kBUEt4po8MHr1UYe39wqHMRcaOX5RRFUdawCjFvArcpVQBaEXBNVpyRJQkRJcA0eEapKla7aemwrxqgdepqOeo9PdUZAX-xhZYJRsa9y_az5uxqrzq1CyXknKXdsrAU3zUjn3rGA3r4QJVqra-IMKQMVYACxgXbgfgZ7xpU-RNK6UbLnPA4c_OiNSn2ikENBlIRLb1uUfYeESV9O9sVegVQraBee8Rd9uKbxY3MYMdThz5c5ENTdCp821-3lDX9GzGCX9Vtktd5D9WXcYbAm06hz0zPlcHtircJHBtdgtqfP2GcQeLLRatYXiKUeWRECgiJSJRHK2mqA9CMlyr6E_OrCTVtJ8hPXihvEx8upLUqDPYm0R0JrklV-MdRrGcEHi-M6xNya8pgR6wqyVUhtPtum9l8TDK55fGtfJiUVrJOHzDq-Ed-5HtcYAVOLPluP_k5AmzVjL7yhZS1nYdVJTW0NuFHQO9jRrNDWkKjDO71oMTOHi-lcUslPy4ntgdjdzVaBW9C2IGJda-DlLc_du-Qt1W6MKEj1klxPG8L9wkRUCKVJn4nVa0-EnygoTOIbirQHP9DTlq0pz2vDgPYl3HH4nq7yCX5_4n1kuStpN0EUQ5d139w3rc3Tc83_FWJke_-ImQ96odhCTEg4Qb0hEl77eio-I6AbW02JKCId7dRen3he8LlIcb9Gdy9-xoukFZTWm7wkgjYOL6h8qQhZDK9aLNzEprz2kE34XMraDEDSygMy_Ps7wjiILvHn7w10h1jGzs8fvrylJ6AxqjYDdoCdn17PFzSC_rDgANoxNQVHV6enHXFEqbCjXok9FNjYfPYIL45CWO9D12gfpDb1pVW2di8oNUyjR0Qy1yy5YEl2Dqdo4NmkGD2xqzGDV8z-_lUAXJgZt4hzK-WdCsAC06_IPkBkZblrdaSuJqKkTU_q9RrFucNkq_arzVh5_m-LOP-UTG56gZoBqfH0Udm8tY6cjq4Qkeo1heQlvuvUWdwCj1wDmVztSR59YtBuVMWfG5pjqqbVJpYKrQ9jYHG6WxqbAdhTv6SJoIXGOm8zCV2QV06uJg1-QPN_OWDrVR2b5MNGJ_B5UJZiCf7yzkkYWrxb7OL7gYFYP5FNTuq9QifrXQuXcagsNxpqDca1WZLWJM7Fi8FthF1W97OBXKajfOzPVM14t04-irmloZjmQjpDU6ZwtInnAO2Uc81I-qXtFhescTJKzPYdSQRDBj1xlkswebJybIccqpNV9n_E10c_TzyVLn80opcrsnQXRbF0KAWBSdIGEFEtaAFfI4UVph7sWD54auzwG5Yk9Pv3gydPqNuu4yPeS_6YadtjN8UZ4pKGJVCHzL3T8OEr6bsNxhvQJ0tTE_N2fjDN1p2Bnh6NwM4_0Ksj4CczU2I-9F2xJweHZ7HyLSduoWbXLtSpoQA59XjUNjKQCalvlL0ES_0pSFvCWrpxJnu948kv3Ey8CdoMi_PlIIvn63csLO7J04AMAwSJ56eFkgQXUsfrx3wdXGRN766F-cTW3XvqRmVquBqkNlhqj95AmbJf_hcVdV9lR52tY1sD5Idz0UotepEWXhU8S6p837OQmkQNGFL7syHy7QF9DJ8W7XvlxC-j065KL7Mf6xWUkQlo8VS_YoqkAQkQ8w37jEgKTVaohFNAkQU_jEspe9HQibQOeS5NxBu9HAGlNhkwhXBy_MX_sBfdtWBK23eu9Zao8TrQZ5HweMgGPb7UNWrcSRkeMBSAxRgd401Ci1yhjOrGFcReGCMy4nhN8Z4m-bANkV8IVj0dtZuseClQLr7X5bmFCHJPGtYJAkKgT6zs41W6D4pckI5Tt5AjhgsBbYeXXe_V2QvMBSl6XT4UsxLFrguHuDXQ2zdrIs6tZJ3wkU-9dpOm0uVlFDMQKHi4QE8RlfE-g
[05-May-2025 00:23:04 Europe/Berlin] CAPTCHA Verification: stdClass Object
(
    [success] => 
    [error-codes] => Array
        (
            [0] => invalid-keys
        )

)

[05-May-2025 00:24:18 Europe/Berlin] CAPTCHA Response: 03AFcWeA5-OM1wGtYEl4CXefUY5cauiaODLDeWGB0fX9si8W6QDrrrmTn6nbZUKMddcFG2bBlSah4aWtvEGLDxb7MuQYU6TGxGQaKgEVOGFxpThonFdA0mY0sqk4HjGtV7uH-IT8MsxlzLshAJdpqxyDQcloBpaSpQ1u51vPoDuJrvgtrG-kbyuQn4OtJoozeLRWTuzZEIDMyDvbmux62cZ4d4BDnPfGZuTlPcycy8nR0SLmRAHzdsi83sBk4L-MBiuqf-bfF9dQ3jqdB_eKCq_vtgdEwJrgh2RpPGYKdk_fv_Qtlm8Z37fZ3N74MtNQBLILDDc_kCG_-uWfRmyN_7IEBM9UhIEYsV6kLQXqtAZpVbCq-gJ4tQQMJyPxk9QF1PjZT707DsM--mTVRCUg9OksfYIFVMLDhPawrunQmwXw94cdSERuPiRlOK3vXZbFKrPQccjApAHCSU8XzsC7pcQHCpOooDGFjREC24bpKLuA3Jv96Nd87j1FMNCxE_gZxwJUEk1caNfY685SbFRAyAJQXR8yYgTlIuECUryGB9tv7tLoLfQAZPIml-x4uhz2DK1U2NH4Jhxi7Z7PIycXzTjufLk4fmvacCU7wXzGN-jdpbxnBhOO9ihd5AVxZh7kknv--Sd67cEteko7g7YL5MIvBtYcoTSNrIqR7GCyeeCGu3VKFbouXb0zpba6eF0qjofwod1KeH3akUaOmj5JUg9GUV0NbIYA9LTXfYmW152lemg4HftoLo4S1AfkOjUjTUoq6i22LJppFQJR6oyVlYbq_BJnlTc7XMnGgnRgoVFdvL9PKW8t94YNb1AJjGhDBkTsg2eJ_b2QrNystbWwb1Addr5jA9QLlgDLcaE51siJWP2LDzKJn7t68qeRmH6ynXee9diLPtKIIcNd0B5nUf0LFlvY-tvJlqqQ7cIb8klqRvNE44vis1-jOSfrLf7y1yKGzRP4s92Bq5nILJQpMwtJV6Ab0iwStP8qVKgYTM2lcz1X_tIGvGiBCu5C9XcSITf-e82it8_V_RieezEsgzq4pqY8huNgw4jth3q57plqzj4Y8rqgiRZi9xl1sOMeqDZ16fowxpI8KtQmZyuPGatWY8KNf_Wivtlm3r1Jd1sV-_ecO4U83AfR6tUNB-OuPb8lGxYV76JPGlLOECK1VrrG_xprDMd5biVkbCgPhFCCGTE1t2IDfdo2ymkJyvwhVJ8xqC5mAeagNAMLzPK5SRx5cUwga2rij7GTgmeAy2IzfKQ2cPYDXeEejRGOyRX9pxYjuxPLvqvWm5wtL9xhrp604msK9IxshRI4c8DADDhSEnB2U7SeypI5ezAxkqpQGdt_Hf3G9ZXbLrrypJ7s4R32uVnd7BD7nwqTvExy5_hSBxJvR212WDoee4GdJS14tezx0rg6SjhR39mIFWxwS_2N7dGDQBvDE9tGNIhc8s41TeDg3VhWWiNMgUPxPq4wEIngzEXdomfZOLZFfKNi0-FkgxtNn9OBHg6Cos5YfD9tE9wg-pa_-QhaHCE6OO1CxlCEpQfFs7M1SklRYtf5FKFAaep5nBlopCmd_Eu2twakpB9rL_8XbfnrC-T0MfsC8spzfzjTODfqaDxfHV0bYXFHaVI_9e_V36zlLmQG_YU4w08i2kog1xMPiquQQiDbxrHbJMSdHOJ-Nddi_U1x6Xa5Cqy1nMrXoCkjv3glA50FSNWD268MGj22oaITKfv3j-Je5HFQ0UHE3iHDrMKxPUkgOILCXdBhMru6bi9Musk14-LWvwmLhzLMU5uy1b_EVpAjF3S3j97d7jbeKYoyd34Kv7PcouKzCaC4QL08w2FyDjvoQMXZ_0sYdWStISM5lbYgfl0pawukuTNzNOiyXZEiXoThuchRf9XagmJFbz2GaM4viPqellvNISWn5SxXlfhQTxjpMipdiwZCiFjPrqN1km5CGfxMguAKuh45SIdTgLJw90XWc9ViPzyhTlGMEwCFvHj44FWz8minBR6G5A_l4nohHjy2JzdSZuzBWIgkNbZIj-G6xMAyKTBv1aYNS4qQsSmWonWI_GXJMgYmy2R0sG4qjI90ThTmjPkgZViYd3gNN4P9vZv3gZQO786cG3QZ3oiubOLDy5Pe79bLBgLTBcMnTSYJKTcFC11vqM7J6Qa2xByrGTqEnvf98GBLXpSVkTDqPXAqIg
[05-May-2025 00:24:18 Europe/Berlin] CAPTCHA Verification: stdClass Object
(
    [success] => 1
    [challenge_ts] => 2025-05-04T22:23:57Z
    [hostname] => localhost
)

[05-May-2025 00:24:18 Europe/Berlin] PHP Fatal error:  Uncaught Error: Call to undefined method UserController::isUserBanned() in C:\xampp\htdocs\Projet\Projet\View\FrontOffice\inscription.php:95
Stack trace:
#0 {main}
  thrown in C:\xampp\htdocs\Projet\Projet\View\FrontOffice\inscription.php on line 95
[05-May-2025 00:25:40 Europe/Berlin] CAPTCHA Response: 03AFcWeA4VJ0dTTRtVZ-lU1r54adHJbxy3sANi-WcT5C5hPGUXJO1MXRldepRza-vTCfWuGNCp2kQScZA9i0DLvHqTWRtcHs6Q8vssf3k-6xrtwEQFZE2XQnL701NHkkGb_4KTfMTOzYWEy0O2n6B7HjwKlr9ZKI_kPAeFONVhHSNPJUQgJs_xRNTHPUz35etE4_jnoRsNQApQyzA0yZe8qMKXlqbq_btL3qV63fBIfVIMDZgvHMA7ytMlfk4ZxTClZGGyQpiIqKipEvu8zakESkwlBtd4Q4-VeX59D5UGqq3ph-TqSXP-8QXIQ0nmCEsodaQ7XRoBJ_ZhPwF8R5l5q6tBCL3AchJsDT5a2uQWa8d7-_oUDRzQz1fiaciOgth2cu_lhSn-embfJ98QWhaI1BcXF6aqobIzJb956S_z4vd9RE4xzdSuxP2IMu_wtsjuSYnIHZJCuj-wnUr5dxlFDw-Sd450KjYXXsDcZg7-pS6758Z5rGY5aOZV2AJCLeG5sIgejR5FBp7KOoKKvDFNOmwabMGJzA2G8E0Oa1LVMGzVbWM8pzqPRwJwDIN8CJQvwGu5-sG2UCsVQcAKcLGMlHFwnZDKdwdUg0ZGBAkQWmGMABv6w8BEGU26CetbU-sTMjV-HeGDOYahp7OY8iSQVhlK45csrtjPyGDioQp7G00PiTtXN_0vVrbwHIPTCVZyDDpK21BvdAkhhquCXN6p0pUqXq6bDHWtxhI2vfBvbmjWOIcZ6S9Mj9uyExrYdcP-HujKXw8ObshA2IqgMS-e2_v7pPEbKLyjpu8hTGYOYSd5Q3SjTyLf5t4mZ0onuJVH8_vQMnOfCax5bSdceZ3oh5vhYzYE3FUBlpmdDhP5V81KDkRedqgPn0mV0M_8TTyv_1zXb2k_sjYeBBLp-8B4YcWj-WY6R-YmAlDtVQbcvcQi6IoH6hbal6wmjaYF6TyJ5DBIEvOIyJYzv5iIqE5TXztm9YWCGzZQ6eSd7s12L6zRBCNJKQC_HnRMUN8TmSecHkncjcuk1WrfbRkUnrZEZF-2I-sJery9fbtrpfR6uB2_oSHFe2KfpQ8hACwKTCajc0O3AJ7OYg_cfQ7pkS_KTalR3bUNZ8VNcNo_m-E-BNwwfqdC_Cacfl6LZmAN8h5lOZWxS_o1vnCVtMzWSedR643byfM4uKe_mxYpyIaARhSOYqOEetq5LtdBU7jcxPH7eogUwW-ysMOP7ne-wwDRoQfPybfSZ_ON1HQZzanEETfnQ4D5T1TGYDp11yZa3BGtOKg7nxscAgq7VygPWehEM9rMdWXxKt-eGtzJGlvH2glBh6nU9Gto-By_JZTvaNBvgyh2U3rPa3yh-ij0e3DvxKpCJewj421shkNQ-CkwEXS0dYdGekT3ezXye6rBUOcb403nu8EBIAjaBbYG_tQ9SgvWiLFxWvfwTbvUuSjMamZewFyf_pyuRNmgulejq6waQ7As27l4OL6B4FFqA46NfczZYyPicNk3vfYN7fMUiO7YYQusJ1mZcs1kYlBjDi1jQAnBpRtD240DuQ6r40OtpCUYcVdxNXM2xJ1TgYxk0dcOzvTg7-ONphJlyvGkTaFf7i8xMbtMJqAIV5bvI0cwUocvv7pP4PceLwy_hQFtDT0bSC4-eDOmbR5H7TfNLcwkrqCNPWKPAzraMAtdys5x3DUbQ1Ew0b1o0WgBnblaSa2mqemPDDugL3GRnbRa8iEpLa3R-aw9aKNL7Eel6rDETuZgH081pdL5cwHlT3mZZvnLIcW1Gg1l1iDaEuw3a-0xiw846a1bcsfr2_7bKJHoGTpX7LiRymSHZnZNlO-DL0IXliNjKJz17X91w2DtTiEnDKMVOXN3Ub5aHCnr8t_YsIyZf7SmX2LctkCrP-ENs7Ct5e4muoR2GS4mM5lyrK-LRMfu1R5VL0cvujN_XZZh4IJ1cUJpXBbZ18meWi30Ev_uSdhBfzaq7xfLO6bwyWCh-JJWLXNuzJimyBa01-Mdm1uOXxPLvqR0x8WbfDWF06wv7xpC5IaZlOHkeBkdOKibrcWkDiv3tmETbVFdRmf88LEQsCZcIWLW-Ui9gjeZHg1kxbEqYUZrzmPfuNeWHhBNDZtUjXoB5rJ7LShEG-Ic6pz9vF7rshProiqZVr9zogBgmL_MxPvf2rG2WWhdmDSUqrJINvgp_-OM
[05-May-2025 00:25:40 Europe/Berlin] CAPTCHA Verification: stdClass Object
(
    [success] => 1
    [challenge_ts] => 2025-05-04T22:25:15Z
    [hostname] => localhost
)

[05-May-2025 00:25:40 Europe/Berlin] Failed login attempt for email: iram@gmail.com
[05-May-2025 00:25:58 Europe/Berlin] CAPTCHA Response: 03AFcWeA4NXjYIQBzb3qLW5cKGgR3NTjtG2SVrERB7on0DxwYL_WYvVDTUWvrFYwFgk7nGi9n_5FtjFREwkcTJYJRFCavuTrZdkoQ_9CWIehPDDX7A68rhxUbqUS9tJj4BsmiXI3BUJxzMz5RwpnjGIHeJ6P9RvbHayDDpgWoq8TbT8-FeVZbvs6o6mK0IUnbH7tym44vdL-FzGGzpEZL-owUs97Y6-QLfR07ixZdvGf0k3WVwQa6QcF5AJjT6fw9jMzoMEA4JHb0F7rSvwmJL1ArxBhMYdtLXK9U3Z-BBrxujomIHWpCeDBPvAbsHe9fwPChKfEn0NabXqL4he16I3bXHrl7EKA3R_wtJWsgj51UDUrQoDB2xLoDBf8Enh_QmF0GweXsL2yD2rqKcjfFhsdA6WYM8_dU8ufFB3Kfx7-FtOmcnVwpFhGZT5Vxd8FOzomIQaXge5rPIrY7F_OSp8BbfNt7ktOCjPt33noacN0T9i9HT0Z4IsaHOduBF0ZtwKknwIHhnnMicRUBjlMnB77meJ2yCtN-Kdhy-g8gFoSBCs8bDknglSXF_ItyOPvNFdpqJgmtGwMuE_rMqVg7UyZ3tSt5AdTlKx6bDaRorEqn08opbj8q1D8Sit-ibv5NwULjICjG6kfg6reMFQIRnn5LxlQjMc-uRmpCjqY4nhZZx-mTtUhwVeXUOMSkmx2TY5cCqJtp1yVYyOeyJ81XMmIsB6bAKDn2oDQEO-olG9IdS8s06YKNEiLKI35FXkkBxpyMAABdFaeVzPC36mmZbdIpkDhlxQaOt65aM-iNHCIBOpEEhdz4-E9K4adIi2IwniIElWq70Xe-wUDvGkh_gGEoBawzhxsGsNXk1oVoLIs2q7lgsxpyvcqVZz2WElfEi3Jud0PanUWstdxErshDDWzqt1WCRbzafi4RBV1S4TrT433g9q70izB4GqbZ8UkuBKrAynNg0SYtT2srjUv20ounoTrHIJ3M7AUuRBLfmti2GvRl465bntu1NAtQqdsAfDRqxgnJf9R6a8ybaunl5ngN4StSNQxKhcE-NCbY-UFTJ0W0-J7a_pqr-kgFEkXkiE48CSA8e44xtrFPk_IwXfwkzvkgLEr3Tfpw7W6fGb5o9a7riuJ51EL--ErLGStRWHkok_IsZKyDq5toEAsxEOPrFg-SkVLxeFUQPzr6Ir-tGtGQD-KKpJcc7vRirdwr3OLo-CqLfNMMY-C9oa13Ag0YqLzfXRJyi4r3SxrgW4bc2nDOhHPz_tYcjvfuM3NfL_w2fEtHzzpvKDx-xxA-NVQwd-46q6qIodfWMnAY-JMFcb9LpUBIbUkLTuLC-ihpCsHZsjUUSVa5aQ435YartbDWlThp9tUxax1m26NXEONqK_EnKCvKYfppa4dEDvpP148DY-fyixOEldaSMUyy3qPqjclh3M6umTFrEfiH89FyX9IwgsS2IzjVxVud8SR_pd9fTu1yIPfAfkeFdWM9bG9WNTLwrKYdQyobICAgwrx8ensp3Ez5smMznEGVmcBKGej2bPiyjdE88HbVTglndAJueKvM8wMeMe-ZJaVknmSCF1z1PBBVfPhyrMrhA8zjYldtOHrU-yz9vMKrdEF5SHySS4kt_pyJ99YJ7Qy7EEQm0OUpbRA1CEfMIIchxwQA_w6NpagU7SOaYvTgNioVIfwbfVFfF6b0Zr24GMiOyqFqrgFpQMFRtW9fOtKANXK8kk5VAR-ocHchpl-7R2bRDEN_WLz-IB_bVS4sHoPpvYHscKst1icRAF8EwGOjSAriyvt0PYeI65gkITd02W5N_iKWITar49-P1-w4hd4fEdC2k7npx3Tof-hScVlWNSUcthkcDj1HIqd2jtqw0yK9JJXvVpTfJRmHk1gAJq0BIzOwyVcCa3HZS96pYtJzsZFqu8QyGCSrPlRh_updSJosrbFrYWQ46Eet1HTUHuoKrxxxx32O5IMU6dqY-7r-XIsA1CDS0czJ5IETEl02VKzBQNiiEwMHpHdTkwpPTCCNLjsx29Y9-DeT5c_sTaSIqdbCqNvxPsL_RyiriErBC7PmD_j82JNQxHtzZpX2V-8kD8UMISnJ8pVQ9MW79ACtcpmBtxVM2Uh46h-JvnvJb4xYvnVH62OwIrvUrS_iq0YGlFe-OsJ_YdBOCQBk
[05-May-2025 00:25:58 Europe/Berlin] CAPTCHA Verification: stdClass Object
(
    [success] => 1
    [challenge_ts] => 2025-05-04T22:25:40Z
    [hostname] => localhost
)

[05-May-2025 00:25:58 Europe/Berlin] Failed login attempt for email: iram@gmail.com
[05-May-2025 00:26:22 Europe/Berlin] Database error: SQLSTATE[42S22]: Column not found: 1054 Unknown column 'verification_token' in 'field list'
[05-May-2025 00:51:31 Europe/Berlin] CAPTCHA Response: 03AFcWeA6PCGZxnirEmx_5hL0yMdan_vDvWMymD59zq_yc5baLp0dtEsfqFa5XRtJb6v0rTBD5cHkZtU4nSyAZNA4v5a7GaqIYiIbRuRcwyeud0lWwh8wyvUUb1BrMzdpXUzyY-BxKAchfLGWywuQw8DAbbENKGjSoAqRH2OzPXeaU7sKVsfdiBVvPb2XhWEJ7iWup2CQz15v1A7cKNSqKq0zIqODvVPSEWXfKHLfK2Wkey1nWmGRi3EiYxJlEp5H--lLnNQi9Uld-8FB1zTB_il6B7odiFES7zMW1RuQfH3eq61fcUE-3X5YTDmQIO8-5Ms2qNhK6U0ujYwep0HSG_aaA9BCHWds1KFtm7p2DJOyP1d3kt4O9i8yjHVfjF91EJIYl6EXLZnhngO3lm60Fj4K3y7FO8KttxuA_4HANUFEOWgR8eAogTBGTUhVynwRozkw_pfd5hf3Q-m3MdwUtkdZKbqhv--F0RYuSlWSquiB22fDQX-KYVJz-vvyUKDDhiLGzNqUpDJdG3f0nJ4VTrbiny0byje1AJFRVoKE_SSTYULvSQzUbZSy8NdnCxlA9PI2StUJV7LBDVZmtG5-ngSylOAazikLTnH-jd5KInFLPNyFS38lqjCkyvM__i6JiW4xoF1pkC85y1vD3n98kwz95j5q_jdcXn8xl7MdS2cycWhiXUroAMgFYV1_g4tTUyNdp2tSoRqcjC5TzUXPeiCvdqsyBVSC1YpBEqIXayNXNOMgDV6g7Igi_g8TkWqVhQa5izEP75r5wjNMvmrkuz0qfyOx4bUrOIn5ih6k1q9KtAXN1QaItWKfmeOlzN1yBHSgyNfQQE-xoFLDdJu5-MHpYzNW7MAy32J4TtnVXjwbvwjZy6hx1Z1T2Px5qlvZXnznogk3AmVGTS75G7BliAOMKCRdUPXbQ-J_H8qXch1Wt45-i4yAKbyny3QvBgazjoZ1qVkE0RU-eAia-MPbmK4MC3hZqdwA0h1MyiCO9rhOhrZ_-ADQyzmHKJHzoRCk4l1OsHbjvkkQhCH0vgO_kfOjLNkWwIyiQMw-dRrPfoXFcGVU20Z4jkoBBPrC7R0uAZK9Q6unbPQuh75nnoSuP6QAw9VgiPhJX7SKyKLzA3wbceyI3Mi9ayOrplSxBg4QP5NdoAlF_awM8OZWg6Xd4O6DpgcsgGRpPVORMLrQlw9vDUHjHmBplStNA84vtWna3CO0PcmrQTBKXQ4tQp42u1lgTIdI6MEcAUbUCOTQXfvYrVDZfZj6bGvzgdeNSYO6W5D2JIWgJl32i7iMGW77DJa20K5Hfs73NZUzZOCis3hRQtsHvG2nhuSSTVDKtgRlsjhsg6oBVyFSVTf2f8DV1Ds6K0mtdaTSs4M4ZFXEY2H3kdNJgVsNm1FQnihM3rMnE7jCKKD0Jq0MECa70P_LY8xGFy55oOEM8bmni3hamzcaklU9PO5PHTocSR8vYLz_41GSAJqpnr9UwfBaLSe-Jqbq6NsRd7lZIXU8sSsXesCB_b5jrh-OufVleEx6NYOW1cSGIYw9Egtuy6yjGrBq-qVxX2I5Z5l1E2dpGphR-DeKodjVXLcUe9dE0M2JNtUxP9ralYcl93uMLkKwY2c4Uyq3uIhVIDDdsmGXK5wG4HD_wFi1emgxisablAj56M0a8dDdBWMWSg4cEnk8ifHF-Zvr5BqtZTXdj8dehz1m6hdn5yzszGqQ9TEPl5VFMQHGDDtTRnbj2tQqCVlOy1Iw2e_1C14ryHiQiN7GKu3IdDPo_ubAyOKSGxx_ruEBH7KQrubpO2tAPnc3R6ygQo0Ndu-dNzbRr23SWvXpvStRdG5mquVGFkSwr_L1ELx09AF2KWC1eymMtXG1JFi2XJlots0FwNHiEfiXmBjMG0eWDAGmDbcqBj7DROdi8ttWWKH8Eb9uQni_q_1yjGqOVy9Qn_cML3eXu39G8ZJZH38UOzydKdo6Maiuk4xPTRojxDx-Hkv3JfYutQzJ3-1O3vMcfvL5XVv-BbbjG6c9w8dUPPLlE-DERfvWsKNLdKYaxeHzMvJ5q_ZwptgQKWJRUxQdGpQT9ATsWrd5tOtYKqlz6jO5UfazQ09IfqGHIe9IHjhq51pNNlUoszf6adDHLdkGcbESUZaZ9TkUHpx2KgMag-FeweD0afY2FCL-9XrIio0ZEuOyw2eBTAaV1
[05-May-2025 00:51:31 Europe/Berlin] CAPTCHA Verification: stdClass Object
(
    [success] => 1
    [challenge_ts] => 2025-05-04T22:51:07Z
    [hostname] => localhost
)

[05-May-2025 00:51:31 Europe/Berlin] Failed login attempt for email: iram@gmail.com
[05-May-2025 00:52:00 Europe/Berlin] CAPTCHA Response: 03AFcWeA6PCGZxnirEmx_5hL0yMdan_vDvWMymD59zq_yc5baLp0dtEsfqFa5XRtJb6v0rTBD5cHkZtU4nSyAZNA4v5a7GaqIYiIbRuRcwyeud0lWwh8wyvUUb1BrMzdpXUzyY-BxKAchfLGWywuQw8DAbbENKGjSoAqRH2OzPXeaU7sKVsfdiBVvPb2XhWEJ7iWup2CQz15v1A7cKNSqKq0zIqODvVPSEWXfKHLfK2Wkey1nWmGRi3EiYxJlEp5H--lLnNQi9Uld-8FB1zTB_il6B7odiFES7zMW1RuQfH3eq61fcUE-3X5YTDmQIO8-5Ms2qNhK6U0ujYwep0HSG_aaA9BCHWds1KFtm7p2DJOyP1d3kt4O9i8yjHVfjF91EJIYl6EXLZnhngO3lm60Fj4K3y7FO8KttxuA_4HANUFEOWgR8eAogTBGTUhVynwRozkw_pfd5hf3Q-m3MdwUtkdZKbqhv--F0RYuSlWSquiB22fDQX-KYVJz-vvyUKDDhiLGzNqUpDJdG3f0nJ4VTrbiny0byje1AJFRVoKE_SSTYULvSQzUbZSy8NdnCxlA9PI2StUJV7LBDVZmtG5-ngSylOAazikLTnH-jd5KInFLPNyFS38lqjCkyvM__i6JiW4xoF1pkC85y1vD3n98kwz95j5q_jdcXn8xl7MdS2cycWhiXUroAMgFYV1_g4tTUyNdp2tSoRqcjC5TzUXPeiCvdqsyBVSC1YpBEqIXayNXNOMgDV6g7Igi_g8TkWqVhQa5izEP75r5wjNMvmrkuz0qfyOx4bUrOIn5ih6k1q9KtAXN1QaItWKfmeOlzN1yBHSgyNfQQE-xoFLDdJu5-MHpYzNW7MAy32J4TtnVXjwbvwjZy6hx1Z1T2Px5qlvZXnznogk3AmVGTS75G7BliAOMKCRdUPXbQ-J_H8qXch1Wt45-i4yAKbyny3QvBgazjoZ1qVkE0RU-eAia-MPbmK4MC3hZqdwA0h1MyiCO9rhOhrZ_-ADQyzmHKJHzoRCk4l1OsHbjvkkQhCH0vgO_kfOjLNkWwIyiQMw-dRrPfoXFcGVU20Z4jkoBBPrC7R0uAZK9Q6unbPQuh75nnoSuP6QAw9VgiPhJX7SKyKLzA3wbceyI3Mi9ayOrplSxBg4QP5NdoAlF_awM8OZWg6Xd4O6DpgcsgGRpPVORMLrQlw9vDUHjHmBplStNA84vtWna3CO0PcmrQTBKXQ4tQp42u1lgTIdI6MEcAUbUCOTQXfvYrVDZfZj6bGvzgdeNSYO6W5D2JIWgJl32i7iMGW77DJa20K5Hfs73NZUzZOCis3hRQtsHvG2nhuSSTVDKtgRlsjhsg6oBVyFSVTf2f8DV1Ds6K0mtdaTSs4M4ZFXEY2H3kdNJgVsNm1FQnihM3rMnE7jCKKD0Jq0MECa70P_LY8xGFy55oOEM8bmni3hamzcaklU9PO5PHTocSR8vYLz_41GSAJqpnr9UwfBaLSe-Jqbq6NsRd7lZIXU8sSsXesCB_b5jrh-OufVleEx6NYOW1cSGIYw9Egtuy6yjGrBq-qVxX2I5Z5l1E2dpGphR-DeKodjVXLcUe9dE0M2JNtUxP9ralYcl93uMLkKwY2c4Uyq3uIhVIDDdsmGXK5wG4HD_wFi1emgxisablAj56M0a8dDdBWMWSg4cEnk8ifHF-Zvr5BqtZTXdj8dehz1m6hdn5yzszGqQ9TEPl5VFMQHGDDtTRnbj2tQqCVlOy1Iw2e_1C14ryHiQiN7GKu3IdDPo_ubAyOKSGxx_ruEBH7KQrubpO2tAPnc3R6ygQo0Ndu-dNzbRr23SWvXpvStRdG5mquVGFkSwr_L1ELx09AF2KWC1eymMtXG1JFi2XJlots0FwNHiEfiXmBjMG0eWDAGmDbcqBj7DROdi8ttWWKH8Eb9uQni_q_1yjGqOVy9Qn_cML3eXu39G8ZJZH38UOzydKdo6Maiuk4xPTRojxDx-Hkv3JfYutQzJ3-1O3vMcfvL5XVv-BbbjG6c9w8dUPPLlE-DERfvWsKNLdKYaxeHzMvJ5q_ZwptgQKWJRUxQdGpQT9ATsWrd5tOtYKqlz6jO5UfazQ09IfqGHIe9IHjhq51pNNlUoszf6adDHLdkGcbESUZaZ9TkUHpx2KgMag-FeweD0afY2FCL-9XrIio0ZEuOyw2eBTAaV1
[05-May-2025 00:52:01 Europe/Berlin] CAPTCHA Verification: stdClass Object
(
    [success] => 
    [error-codes] => Array
        (
            [0] => timeout-or-duplicate
        )

)

[05-May-2025 00:52:20 Europe/Berlin] Database error: SQLSTATE[42S22]: Column not found: 1054 Unknown column 'verification_token' in 'field list'
[05-May-2025 00:58:26 Europe/Berlin] Database error: SQLSTATE[42S22]: Column not found: 1054 Unknown column 'verification_token' in 'field list'
[05-May-2025 01:02:53 Europe/Berlin] Database error: SQLSTATE[42S22]: Column not found: 1054 Unknown column 'verification_token' in 'field list'
[05-May-2025 01:09:11 Europe/Berlin] Database error: SQLSTATE[42S22]: Column not found: 1054 Unknown column 'verification_token' in 'field list'
[05-May-2025 01:10:42 Europe/Berlin] Database error: SQLSTATE[42S22]: Column not found: 1054 Unknown column 'verification_token' in 'field list'
[05-May-2025 01:12:13 Europe/Berlin] Database error: SQLSTATE[42S22]: Column not found: 1054 Unknown column 'verification_token' in 'field list'
[05-May-2025 01:13:08 Europe/Berlin] Database error: SQLSTATE[42S22]: Column not found: 1054 Unknown column 'verification_token' in 'field list'
[05-May-2025 01:15:07 Europe/Berlin] Database error: SQLSTATE[42S22]: Column not found: 1054 Unknown column 'verification_token' in 'field list'
[05-May-2025 01:17:06 Europe/Berlin] Database error: SQLSTATE[42S22]: Column not found: 1054 Unknown column 'verification_token' in 'field list'
[05-May-2025 01:18:19 Europe/Berlin] Database error: SQLSTATE[42S22]: Column not found: 1054 Unknown column 'verification_token' in 'field list'
[05-May-2025 01:21:01 Europe/Berlin] Database error: SQLSTATE[42S22]: Column not found: 1054 Unknown column 'verification_token' in 'field list'
[05-May-2025 01:23:25 Europe/Berlin] Database error: SQLSTATE[42S22]: Column not found: 1054 Unknown column 'verification_token' in 'field list'
[05-May-2025 01:32:46 Europe/Berlin] Nouvel utilisateur ID: 57
[05-May-2025 12:23:14 Europe/Berlin] Failed login attempt for email: iramtrabelsi30@gmail.com
[05-May-2025 13:43:00 Europe/Berlin] Failed login attempt for email: iramtrabelsi30@gmail.com
[05-May-2025 15:00:38 Europe/Berlin] Nouvel utilisateur ID: 59
[05-May-2025 15:02:36 Europe/Berlin] Nouvel utilisateur ID: 60
[05-May-2025 15:11:01 Europe/Berlin] Nouvel utilisateur ID: 61
[05-May-2025 16:32:31 Europe/Berlin] Nouvel utilisateur ID: 62
[09-May-2025 13:57:07 Europe/Berlin] reCAPTCHA Error: Échec de la vérification reCAPTCHA. Erreurs: timeout-or-duplicate
[09-May-2025 13:57:27 Europe/Berlin] Failed login attempt for email: iram@gmail.com
[09-May-2025 13:57:38 Europe/Berlin] Failed login attempt for email: iram@gmail.com
[09-May-2025 13:58:10 Europe/Berlin] Failed login attempt for email: iram@gmail.com
[09-May-2025 13:58:59 Europe/Berlin] Failed login attempt for email: iram@gmail.com
[09-May-2025 13:59:46 Europe/Berlin] Failed login attempt for email: iram2@ecotech.com
[09-May-2025 14:00:25 Europe/Berlin] Failed login attempt for email: halim@gmail.com
[09-May-2025 14:00:36 Europe/Berlin] reCAPTCHA Error: Échec de la vérification reCAPTCHA. Erreurs: timeout-or-duplicate
[09-May-2025 14:01:13 Europe/Berlin] Failed login attempt for email: iram@gmail.com
[09-May-2025 14:01:33 Europe/Berlin] Failed login attempt for email: iram@gmail.com
[09-May-2025 16:10:50 Europe/Berlin] PHP Fatal error:  Uncaught Error: Call to undefined method Database::connect() in C:\xampp\htdocs\projet\Controller\UserController.php:23
Stack trace:
#0 C:\xampp\htdocs\projet\View\FrontOffice\inscription.php(20): UserController->__construct()
#1 {main}
  thrown in C:\xampp\htdocs\projet\Controller\UserController.php on line 23
[10-May-2025 11:57:49 Europe/Berlin] Failed login attempt for email: feryel@gmail.com
